make.exe all --print-data-base --no-builtin-variables --no-builtin-rules --question
make: *** No rule to make target 'all'.  Stop.

# GNU Make 4.4.1
# Built for x86_64-pc-cygwin
# Copyright (C) 1988-2023 Free Software Foundation, Inc.
# License GPLv3+: GNU GPL version 3 or later <https://gnu.org/licenses/gpl.html>
# This is free software: you are free to change and redistribute it.
# There is NO WARRANTY, to the extent permitted by law.
 

# Make data base, printed on Wed Mar 11 18:02:53 2026

# Variables

# environment
SYSTEMDRIVE = C:
# environment
JAVA_HOME = C:\Program Files\Java\jdk-17
# environment
LC_ALL = C
# environment
USERPROFILE = C:\Users\Administrator
# environment
LOCALAPPDATA = C:\Users\Administrator\AppData\Local
# environment
VSCODE_CRASH_REPORTER_PROCESS_TYPE = extensionHost
# environment
 
VSCODE_CWD = C:\Program Files\Microsoft VS Code
# makefile (from 'Makefile', line 1)
PYTHON := python
# environment
CHOCOLATEYINSTALL = C:\ProgramData\chocolatey
# environment
SYSTEMROOT = C:\WINDOWS
# environment
PROCESSOR_LEVEL = 6
# environment
PSMODULEPATH = C:\Program Files\WindowsPowerShell\Modules;C:\WINDOWS\system32\WindowsPowerShell\v1.0\Modules;C:\Program Files (x86)\Microsoft SQL Server\150\Tools\PowerShell\Modules\;C:\Program Files (x86)\Microsoft SQL Server\160\Tools\PowerShell\Modules\
# environment
ADB_ANDROID = D:\adb
# default
MAKE_COMMAND := make
# automatic
@D = $(patsubst %/,%,$(dir $@))
# environment
CHROME_CRASHPAD_PIPE_NAME = \\.\pipe\crashpad_14636_OYWSIMYRISKGDORE
# environment
VSCODE_HANDLES_UNCAUGHT_ERRORS = true
# default
.VARIABLES := 
# automatic
%D = $(patsubst %/,%,$(dir $%))
# environment
CURL_CA_BUNDLE = D:\Program Files\PostgreSQL\18\ssl\certs\ca-bundle.crt
# automatic
^D = $(patsubst %/,%,$(dir $^))
# automatic
%F = $(notdir $%)
# environment
VSCODE_CODE_CACHE_PATH = C:\Users\Administrator\AppData\Roaming\Code\CachedData\ce099c1ed25d9eb3076c11e4a280f3eb52b4fbeb
# environment
LANG = C
# default
.LOADED := 
# environment
TMP = /cygdrive/c/Users/ADMINI~1/AppData/Local/Temp
# default
.INCLUDE_DIRS := /usr/include
# makefile
MAKEFLAGS = pqrR
# environment
ONEDRIVE = D:\OneDrive
# makefile
CURDIR := /cygdrive/d/Bon Bon/SourceCode/AI-project/Semtiment_Analysis
# environment
APPLICATION_INSIGHTS_NO_DIAGNOSTIC_CHANNEL = true
# environment
VSCODE_L10N_BUNDLE_LOCATION = 
# automatic
*D = $(patsubst %/,%,$(dir $*))
# environment
PROGRAMFILES = C:\Program Files
# environment
MFLAGS = -pqrR
# default
.SHELLFLAGS := -c
# environment
COMMONPROGRAMW6432 = C:\Program Files\Common Files
# environment
POSTGIS_ENABLE_OUTDB_RASTERS = 1
# automatic
+D = $(patsubst %/,%,$(dir $+))
# makefile (from 'Makefile', line 1)
MAKEFILE_LIST := Makefile
# automatic
@F = $(notdir $@)
# environment
VSCODE_PID = 14636
# automatic
?D = $(patsubst %/,%,$(dir $?))
# automatic
*F = $(notdir $*)
# automatic
<D = $(patsubst %/,%,$(dir $<))
# environment
VSCODE_NLS_CONFIG = {"userLocale":"en-us","osLocale":"en-us","resolvedLanguage":"en","defaultMessagesFile":"C:\\Program Files\\Microsoft VS Code\\ce099c1ed2\\resources\\app\\out\\nls.messages.json","locale":"en-us","availableLanguages":{}}
# environment
ONEDRIVECONSUMER = D:\OneDrive
# default
MAKE_HOST := x86_64-pc-cygwin
# environment
PROGRAMDATA = C:\ProgramData
# default
SHELL := /bin/sh
# environment
HOMEPATH = \Users\Administrator
# default
MAKECMDGOALS := all
# environment
PROJ_LIB = D:\Program Files\PostgreSQL\18\share\contrib\postgis-3.6\proj
# environment
DRIVERDATA = C:\Windows\System32\Drivers\DriverData
# environment
COMSPEC = C:\WINDOWS\system32\cmd.exe
# environment
WINDIR = C:\WINDOWS
# environment
MAKELEVEL := 0
 
# default
MAKE = $(MAKE_COMMAND)
# environment
MOSQUITTO_DIR = C:\Program Files\mosquitto
# environment
PATH = /cygdrive/c/Program Files/Microsoft VS Code:/cygdrive/c/Program Files/Common Files/Oracle/Java/javapath:/cygdrive/c/Program Files/Python313/Scripts:/cygdrive/c/Program Files/Python313:/cygdrive/c/Program Files/Python310/Scripts:/cygdrive/c/Program Files/Python310:/cygdrive/c/Program Files/Python312/Scripts:/cygdrive/c/Program Files/Python312:/usr/bin:/cygdrive/c/Program Files (x86)/Intel/Intel(R) Management Engine Components/iCLS:/cygdrive/c/Program Files/Intel/Intel(R) Management Engine Components/iCLS:/cygdrive/c/Windows/system32:/cygdrive/c/Windows:/cygdrive/c/Windows/System32/Wbem:/cygdrive/c/Windows/System32/WindowsPowerShell/v1.0:/cygdrive/c/Windows/System32/OpenSSH:/cygdrive/c/Program Files (x86)/NVIDIA Corporation/PhysX/Common:/cygdrive/c/Program Files (x86)/Intel/Intel(R) Management Engine Components/DAL:/cygdrive/c/Program Files/Intel/Intel(R) Management Engine Components/DAL:/cygdrive/c/Program Files (x86)/Intel/Intel(R) Management Engine Components/IPT:/cygdrive/c/Program Files/Intel/Intel(R) Management Engine Components/IPT:/cygdrive/c/Program Files/Intel/WiFi/bin:/cygdrive/c/Program Files/Common Files/Intel/WirelessCommon:/cygdrive/c/ProgramData/chocolatey/bin:/cygdrive/c/Program Files/Microsoft SQL Server/Client SDK/ODBC/130/Tools/Binn:/cygdrive/c/Program Files/Microsoft SQL Server/Client SDK/ODBC/170/Tools/Binn:/cygdrive/c/Program Files/NVIDIA Corporation/NVIDIA NvDLISR:/cygdrive/c/WINDOWS/system32:/cygdrive/c/WINDOWS:/cygdrive/c/WINDOWS/System32/Wbem:/cygdrive/c/WINDOWS/System32/WindowsPowerShell/v1.0:/cygdrive/c/WINDOWS/System32/OpenSSH:/cygdrive/c/Program Files (x86)/Microsoft ASP.NET/ASP.NET Web Pages/v1.0:/cygdrive/c/Users/FX505/AppData/Roaming/nvm:/cygdrive/c/Program Files/nodejs:/cygdrive/c/Users/FX505/New folder/apache-maven-3.6.2/bin:/cygdrive/c/Program Files (x86)/Microsoft SQL Server/150/Tools/Binn:/cygdrive/c/Program Files/Microsoft SQL Server/150/Tools/Binn:/cygdrive/c/Program Files/Microsoft SQL Server/150/DTS/Binn:/cygdrive/c/Users/BonBon/AppData/Local/Programs/R/R-4.3.3/Rscript:/cygdrive/c/Program Files/nodejs:/cygdrive/c/msys64/mingw32/bin:/cygdrive/c/msys64/mingw64/bin:/cygdrive/c/Program Files/Java/jdk-13.0.1/bin:/cygdrive/c/Program Files/Python313:/cygdrive/c/Program Files/Python313/Scripts:/cygdrive/d/PostgreSQL/17/bin:/cygdrive/c/Program Files/Python313/tcl/tk8.6:/cygdrive/d/Program Files/PostgreSQL/17/bin:/cygdrive/c/Program Files (x86)/Microsoft SQL Server/160/Tools/Binn:/cygdrive/c/Program Files/Microsoft SQL Server/160/Tools/Binn:/cygdrive/c/Program Files/Microsoft SQL Server/160/DTS/Binn:/cygdrive/d/Program Files/Git/cmd:/cygdrive/c/Program Files/Microsoft SQL Server/170/DTS/Binn:/cygdrive/c/Program Files/dotnet:/cygdrive/d/Windows Kits/10/Windows Performance Toolkit:/cygdrive/c/Program Files/Docker/Docker/resources/bin:/cygdrive/c/Users/Administrator/.console-ninja/.bin:/cygdrive/c/Users/Administrator/AppData/Local/Microsoft/WindowsApps:/cygdrive/c/Users/Administrator/AppData/Roaming/npm:/cygdrive/c/Program Files/Microsoft VS Code/bin:/cygdrive/c/Users/Administrator/.dotnet/tools:/cygdrive/c/Users/Administrator/AppData/Local/Microsoft/WindowsApps:/cygdrive/c/mingw32/bin:/cygdrive/c/glpk-4.65/w64:/cygdrive/c/Program Files/Azure Data Studio/bin:/cygdrive/c/Users/BonBon/AppData/Local/Programs/R/R-4.3.3/Rscript:/cygdrive/c/msys64/usr/bin:/cygdrive/c/msys64/mingw64/bin:/cygdrive/c/Program Files/Java/jdk-13.0.1/bin:/cygdrive/c/Program Files/Python313/Scripts:/cygdrive/c/Program Files/Python313:/cygdrive/d/PostgreSQL/16/bin:/cygdrive/d/PostgreSQL/17/bin:/cygdrive/d/UnLockCatch/tools/vcruntime:/cygdrive/c/Users/Administrator/.dotnet/tools:/cygdrive/c/MinGW/bin:/cygdrive/d/Google/Cloud SDK/google-cloud-sdk/bin
# environment
COMPUTERNAME = LAPTOP-KD5384I4
# default
MAKEFILES := 
# automatic
^F = $(notdir $^)
# environment
PROMPT = $P$G
# environment
OPENSSL_CONF = D:\Program Files\PostgreSQL\psqlODBC\etc\openssl.cnf
# environment
GDAL_DATA = D:\Program Files\PostgreSQL\18\gdal-data
# environment
LOGONSERVER = \\LAPTOP-KD5384I4
# environment
USERNAME = Administrator
# environment
MINGW64_ROOT = C:\msys64\mingw64
# environment
COMMONPROGRAMFILES = C:\Program Files\Common Files
# automatic
?F = $(notdir $?)
# environment
PROGRAMW6432 = C:\Program Files
# environment
PATHEXT = .COM;.EXE;.BAT;.CMD;.VBS;.VBE;.JS;.JSE;.WSF;.WSH;.MSC;.PY;.PYW
# automatic
+F = $(notdir $+)
# environment
MAVEN_HOME = C:\Users\FX505\New folder\apache-maven-3.6.2
# environment
USERDOMAIN = LAPTOP-KD5384I4
# 'override' directive
GNUMAKEFLAGS := 
# environment
OS = Windows_NT
# environment
__COMPAT_LAYER = DetectorsAppHealth
# makefile
.DEFAULT_GOAL := help
# environment
EFC_12428_1592913036 = 1
# environment
NVM_HOME = C:\Users\FX505\AppData\Roaming\nvm
# environment
MSYS2_ROOT = C:\msys64\usr
# default
MAKE_VERSION := 4.4.1
# environment
PROGRAMFILES(X86) = C:\Program Files (x86)
# environment
!D: = d:\Bon Bon\SourceCode\AI-project\Semtiment_Analysis
# environment
USERDOMAIN_ROAMINGPROFILE = LAPTOP-KD5384I4
# environment
NUMBER_OF_PROCESSORS = 8
# environment
PUBLIC = C:\Users\Public
# environment
APPDATA = C:\Users\Administrator\AppData\Roaming
# environment
HOMEDRIVE = C:
# environment
NVM_SYMLINK = C:\Program Files\nodejs
# environment
PROCESSOR_ARCHITECTURE = AMD64
# environment
HOME = /home/Administrator
# environment
COMMONPROGRAMFILES(X86) = C:\Program Files (x86)\Common Files
# environment
ELECTRON_RUN_AS_NODE = 1
# environment
TEMP = /cygdrive/c/Users/ADMINI~1/AppData/Local/Temp
# environment
VSCODE_IPC_HOOK = \\.\pipe\c5f8be1b-1.111.0-main-sock
# environment
TERM = xterm-256color
# environment
POSTGIS_GDAL_ENABLED_DRIVERS = GTiff PNG JPEG GIF XYZ DTED USGSDEM AAIGrid
# default
.RECIPEPREFIX := 
# automatic
<F = $(notdir $<)
# default
SUFFIXES := 
# environment
ALLUSERSPROFILE = C:\ProgramData
# environment
SESSIONNAME = Console
# default
.FEATURES := target-specific order-only second-expansion else-if shortest-stem undefine oneshell nocomment grouped-target extra-prereqs notintermediate shell-export archives jobserver output-sync check-symlink guile load dospaths
# environment
PROCESSOR_REVISION = 9e0a
# environment
VSCODE_ESM_ENTRYPOINT = vs/workbench/api/node/extensionHostProcess
# environment
PROCESSOR_IDENTIFIER = Intel64 Family 6 Model 158 Stepping 10, GenuineIntel
# variable set hash-table stats:
# Load=109/1024=11%, Rehash=0, Collisions=14/135=10%

# Pattern-specific Variable Values

# No pattern-specific variable values.

# Directories

# . (device 270010538, inode 1125899908159079): 18 files, no impossibilities.

# 18 files, no impossibilities in 1 directories.

# Implicit Rules

# No implicit rules.

# Files

train:
#  Phony target (prerequisite of .PHONY).
#  Implicit rule search has not been done.
#  File does not exist.
#  File has not been updated.
#  recipe to execute (from 'Makefile', line 12):
	$(PYTHON) train.py --input sentimentdataset.csv --normalize-labels

# Not a target:
Makefile:
#  Implicit rule search has been done.
#  File is secondary (prerequisite of .SECONDARY).
#  Last modified 2026-01-28 13:05:37.0391062
#  File has been updated.
#  Successfully updated.

# Not a target:
.DEFAULT:
#  Implicit rule search has not been done.
#  Modification time never checked.
#  File has not been updated.

# Not a target:
all:
#  Command line target.
#  Implicit rule search has been done.
 
#  File does not exist.
#  File has not been updated.

help:
#  Phony target (prerequisite of .PHONY).
#  Implicit rule search has not been done.
#  File does not exist.
#  File has not been updated.
#  recipe to execute (from 'Makefile', line 6):
	@echo "Available targets:"
	@echo "  make train       - Train model locally"
	@echo "  make serve       - Run API locally (uvicorn)"
	@echo "  make compose-up  - Start MLflow + API via docker-compose"

serve:
#  Phony target (prerequisite of .PHONY).
#  Implicit rule search has not been done.
#  File does not exist.
#  File has not been updated.
#  recipe to execute (from 'Makefile', line 15):
	uvicorn serve:app --reload --port 8000

compose-up:
#  Phony target (prerequisite of .PHONY).
#  Implicit rule search has not been done.
#  File does not exist.
#  File has not been updated.
#  recipe to execute (from 'Makefile', line 18):
	docker-compose up --build

.PHONY: help train serve compose-up
#  Implicit rule search has not been done.
#  Modification time never checked.
#  File has not been updated.

# files hash-table stats:
# Load=9/1024=1%, Rehash=0, Collisions=0/28=0%
# VPATH Search Paths

# No 'vpath' search paths.

# No general ('VPATH' variable) search path.

# strcache buffers: 1 (0) / strings = 28 / storage = 274 B / avg = 9 B
# current buf: size = 8162 B / used = 274 B / count = 28 / avg = 9 B

# strcache performance: lookups = 40 / hit rate = 30%
# hash-table stats:
# Load=28/8192=0%, Rehash=0, Collisions=0/40=0%
# Finished Make data base on Wed Mar 11 18:02:53 2026

 
